2018-08-16 14:08:37  [ http-nio-7801-exec-2:0 ] - [ INFO ]  {dataSource-1} inited
2018-08-16 14:08:37  [ http-nio-7801-exec-2:63 ] - [ DEBUG ]  {conn-10001, pstmt-20000} enter cache
2018-08-16 14:08:37  [ http-nio-7801-exec-2:257 ] - [ DEBUG ]  {conn-10001, pstmt-20001} enter cache
2018-08-16 14:08:37  [ http-nio-7801-exec-2:330 ] - [ DEBUG ]  {conn-10001, pstmt-20002} enter cache
2018-08-16 15:50:55  [ http-nio-7801-exec-4:1 ] - [ ERROR ]  init datasource error, url: jdbc:mysql://47.106.149.105:3306/zjb1.0?useUnicode=true&characterEncoding=UTF-8&allowMultiQueries=true
com.mysql.jdbc.exceptions.jdbc4.CommunicationsException: Communications link failure

The last packet sent successfully to the server was 0 milliseconds ago. The driver has not received any packets from the server.
	at sun.reflect.NativeConstructorAccessorImpl.newInstance0(Native Method)
	at sun.reflect.NativeConstructorAccessorImpl.newInstance(NativeConstructorAccessorImpl.java:62)
	at sun.reflect.DelegatingConstructorAccessorImpl.newInstance(DelegatingConstructorAccessorImpl.java:45)
	at java.lang.reflect.Constructor.newInstance(Constructor.java:423)
	at com.mysql.jdbc.Util.handleNewInstance(Util.java:425)
	at com.mysql.jdbc.SQLError.createCommunicationsException(SQLError.java:990)
	at com.mysql.jdbc.MysqlIO.<init>(MysqlIO.java:342)
	at com.mysql.jdbc.ConnectionImpl.coreConnect(ConnectionImpl.java:2188)
	at com.mysql.jdbc.ConnectionImpl.connectOneTryOnly(ConnectionImpl.java:2221)
	at com.mysql.jdbc.ConnectionImpl.createNewIO(ConnectionImpl.java:2016)
	at com.mysql.jdbc.ConnectionImpl.<init>(ConnectionImpl.java:776)
	at com.mysql.jdbc.JDBC4Connection.<init>(JDBC4Connection.java:47)
	at sun.reflect.NativeConstructorAccessorImpl.newInstance0(Native Method)
	at sun.reflect.NativeConstructorAccessorImpl.newInstance(NativeConstructorAccessorImpl.java:62)
	at sun.reflect.DelegatingConstructorAccessorImpl.newInstance(DelegatingConstructorAccessorImpl.java:45)
	at java.lang.reflect.Constructor.newInstance(Constructor.java:423)
	at com.mysql.jdbc.Util.handleNewInstance(Util.java:425)
	at com.mysql.jdbc.ConnectionImpl.getInstance(ConnectionImpl.java:386)
	at com.mysql.jdbc.NonRegisteringDriver.connect(NonRegisteringDriver.java:330)
	at com.alibaba.druid.filter.FilterChainImpl.connection_connect(FilterChainImpl.java:148)
	at com.alibaba.druid.filter.stat.StatFilter.connection_connect(StatFilter.java:217)
	at com.alibaba.druid.filter.FilterChainImpl.connection_connect(FilterChainImpl.java:142)
	at com.alibaba.druid.pool.DruidAbstractDataSource.createPhysicalConnection(DruidAbstractDataSource.java:1466)
	at com.alibaba.druid.pool.DruidAbstractDataSource.createPhysicalConnection(DruidAbstractDataSource.java:1529)
	at com.alibaba.druid.pool.DruidDataSource.init(DruidDataSource.java:787)
	at com.alibaba.druid.pool.DruidDataSource.getConnection(DruidDataSource.java:1122)
	at com.alibaba.druid.pool.DruidDataSource.getConnection(DruidDataSource.java:1118)
	at com.alibaba.druid.pool.DruidDataSource.getConnection(DruidDataSource.java:104)
	at org.springframework.jdbc.datasource.DataSourceUtils.fetchConnection(DataSourceUtils.java:151)
	at org.springframework.jdbc.datasource.DataSourceUtils.doGetConnection(DataSourceUtils.java:115)
	at org.springframework.jdbc.datasource.DataSourceUtils.getConnection(DataSourceUtils.java:78)
	at org.mybatis.spring.transaction.SpringManagedTransaction.openConnection(SpringManagedTransaction.java:82)
	at org.mybatis.spring.transaction.SpringManagedTransaction.getConnection(SpringManagedTransaction.java:68)
	at org.apache.ibatis.executor.BaseExecutor.getConnection(BaseExecutor.java:338)
	at org.apache.ibatis.executor.SimpleExecutor.prepareStatement(SimpleExecutor.java:84)
	at org.apache.ibatis.executor.SimpleExecutor.doQuery(SimpleExecutor.java:62)
	at org.apache.ibatis.executor.BaseExecutor.queryFromDatabase(BaseExecutor.java:326)
	at org.apache.ibatis.executor.BaseExecutor.query(BaseExecutor.java:156)
	at org.apache.ibatis.executor.CachingExecutor.query(CachingExecutor.java:109)
	at com.github.pagehelper.PageInterceptor.intercept(PageInterceptor.java:143)
	at org.apache.ibatis.plugin.Plugin.invoke(Plugin.java:61)
	at com.sun.proxy.$Proxy102.query(Unknown Source)
	at org.apache.ibatis.session.defaults.DefaultSqlSession.selectList(DefaultSqlSession.java:148)
	at org.apache.ibatis.session.defaults.DefaultSqlSession.selectList(DefaultSqlSession.java:141)
	at sun.reflect.NativeMethodAccessorImpl.invoke0(Native Method)
	at sun.reflect.NativeMethodAccessorImpl.invoke(NativeMethodAccessorImpl.java:62)
	at sun.reflect.DelegatingMethodAccessorImpl.invoke(DelegatingMethodAccessorImpl.java:43)
	at java.lang.reflect.Method.invoke(Method.java:498)
	at org.mybatis.spring.SqlSessionTemplate$SqlSessionInterceptor.invoke(SqlSessionTemplate.java:433)
	at com.sun.proxy.$Proxy75.selectList(Unknown Source)
	at org.mybatis.spring.SqlSessionTemplate.selectList(SqlSessionTemplate.java:230)
	at org.apache.ibatis.binding.MapperMethod.executeForMany(MapperMethod.java:139)
	at org.apache.ibatis.binding.MapperMethod.execute(MapperMethod.java:76)
	at org.apache.ibatis.binding.MapperProxy.invoke(MapperProxy.java:59)
	at com.sun.proxy.$Proxy76.selectByTelephone(Unknown Source)
	at com.renchaigao.zujuba.userserver.service.impl.UserServiceImpl.autoLoginUser(UserServiceImpl.java:62)
	at com.renchaigao.zujuba.userserver.controller.LoginController.userLoginInfo(LoginController.java:24)
	at sun.reflect.NativeMethodAccessorImpl.invoke0(Native Method)
	at sun.reflect.NativeMethodAccessorImpl.invoke(NativeMethodAccessorImpl.java:62)
	at sun.reflect.DelegatingMethodAccessorImpl.invoke(DelegatingMethodAccessorImpl.java:43)
	at java.lang.reflect.Method.invoke(Method.java:498)
	at org.springframework.web.method.support.InvocableHandlerMethod.doInvoke(InvocableHandlerMethod.java:209)
	at org.springframework.web.method.support.InvocableHandlerMethod.invokeForRequest(InvocableHandlerMethod.java:136)
	at org.springframework.web.servlet.mvc.method.annotation.ServletInvocableHandlerMethod.invokeAndHandle(ServletInvocableHandlerMethod.java:102)
	at org.springframework.web.servlet.mvc.method.annotation.RequestMappingHandlerAdapter.invokeHandlerMethod(RequestMappingHandlerAdapter.java:877)
	at org.springframework.web.servlet.mvc.method.annotation.RequestMappingHandlerAdapter.handleInternal(RequestMappingHandlerAdapter.java:783)
	at org.springframework.web.servlet.mvc.method.AbstractHandlerMethodAdapter.handle(AbstractHandlerMethodAdapter.java:87)
	at org.springframework.web.servlet.DispatcherServlet.doDispatch(DispatcherServlet.java:991)
	at org.springframework.web.servlet.DispatcherServlet.doService(DispatcherServlet.java:925)
	at org.springframework.web.servlet.FrameworkServlet.processRequest(FrameworkServlet.java:974)
	at org.springframework.web.servlet.FrameworkServlet.doPost(FrameworkServlet.java:877)
	at javax.servlet.http.HttpServlet.service(HttpServlet.java:661)
	at org.springframework.web.servlet.FrameworkServlet.service(FrameworkServlet.java:851)
	at javax.servlet.http.HttpServlet.service(HttpServlet.java:742)
	at org.apache.catalina.core.ApplicationFilterChain.internalDoFilter(ApplicationFilterChain.java:231)
	at org.apache.catalina.core.ApplicationFilterChain.doFilter(ApplicationFilterChain.java:166)
	at org.apache.tomcat.websocket.server.WsFilter.doFilter(WsFilter.java:52)
	at org.apache.catalina.core.ApplicationFilterChain.internalDoFilter(ApplicationFilterChain.java:193)
	at org.apache.catalina.core.ApplicationFilterChain.doFilter(ApplicationFilterChain.java:166)
	at com.alibaba.druid.support.http.WebStatFilter.doFilter(WebStatFilter.java:123)
	at org.apache.catalina.core.ApplicationFilterChain.internalDoFilter(ApplicationFilterChain.java:193)
	at org.apache.catalina.core.ApplicationFilterChain.doFilter(ApplicationFilterChain.java:166)
	at org.springframework.web.filter.RequestContextFilter.doFilterInternal(RequestContextFilter.java:99)
	at org.springframework.web.filter.OncePerRequestFilter.doFilter(OncePerRequestFilter.java:107)
	at org.apache.catalina.core.ApplicationFilterChain.internalDoFilter(ApplicationFilterChain.java:193)
	at org.apache.catalina.core.ApplicationFilterChain.doFilter(ApplicationFilterChain.java:166)
	at org.springframework.web.filter.HttpPutFormContentFilter.doFilterInternal(HttpPutFormContentFilter.java:109)
	at org.springframework.web.filter.OncePerRequestFilter.doFilter(OncePerRequestFilter.java:107)
	at org.apache.catalina.core.ApplicationFilterChain.internalDoFilter(ApplicationFilterChain.java:193)
	at org.apache.catalina.core.ApplicationFilterChain.doFilter(ApplicationFilterChain.java:166)
	at org.springframework.web.filter.HiddenHttpMethodFilter.doFilterInternal(HiddenHttpMethodFilter.java:93)
	at org.springframework.web.filter.OncePerRequestFilter.doFilter(OncePerRequestFilter.java:107)
	at org.apache.catalina.core.ApplicationFilterChain.internalDoFilter(ApplicationFilterChain.java:193)
	at org.apache.catalina.core.ApplicationFilterChain.doFilter(ApplicationFilterChain.java:166)
	at org.springframework.web.filter.CharacterEncodingFilter.doFilterInternal(CharacterEncodingFilter.java:200)
	at org.springframework.web.filter.OncePerRequestFilter.doFilter(OncePerRequestFilter.java:107)
	at org.apache.catalina.core.ApplicationFilterChain.internalDoFilter(ApplicationFilterChain.java:193)
	at org.apache.catalina.core.ApplicationFilterChain.doFilter(ApplicationFilterChain.java:166)
	at org.apache.catalina.core.StandardWrapperValve.invoke(StandardWrapperValve.java:198)
	at org.apache.catalina.core.StandardContextValve.invoke(StandardContextValve.java:96)
	at org.apache.catalina.authenticator.AuthenticatorBase.invoke(AuthenticatorBase.java:493)
	at org.apache.catalina.core.StandardHostValve.invoke(StandardHostValve.java:140)
	at org.apache.catalina.valves.ErrorReportValve.invoke(ErrorReportValve.java:81)
	at org.apache.catalina.core.StandardEngineValve.invoke(StandardEngineValve.java:87)
	at org.apache.catalina.connector.CoyoteAdapter.service(CoyoteAdapter.java:342)
	at org.apache.coyote.http11.Http11Processor.service(Http11Processor.java:800)
	at org.apache.coyote.AbstractProcessorLight.process(AbstractProcessorLight.java:66)
	at org.apache.coyote.AbstractProtocol$ConnectionHandler.process(AbstractProtocol.java:800)
	at org.apache.tomcat.util.net.NioEndpoint$SocketProcessor.doRun(NioEndpoint.java:1471)
	at org.apache.tomcat.util.net.SocketProcessorBase.run(SocketProcessorBase.java:49)
	at java.util.concurrent.ThreadPoolExecutor.runWorker(ThreadPoolExecutor.java:1149)
	at java.util.concurrent.ThreadPoolExecutor$Worker.run(ThreadPoolExecutor.java:624)
	at org.apache.tomcat.util.threads.TaskThread$WrappingRunnable.run(TaskThread.java:61)
	at java.lang.Thread.run(Thread.java:748)
Caused by: java.net.ConnectException: Connection timed out: connect
	at java.net.DualStackPlainSocketImpl.connect0(Native Method)
	at java.net.DualStackPlainSocketImpl.socketConnect(DualStackPlainSocketImpl.java:79)
	at java.net.AbstractPlainSocketImpl.doConnect(AbstractPlainSocketImpl.java:350)
	at java.net.AbstractPlainSocketImpl.connectToAddress(AbstractPlainSocketImpl.java:206)
	at java.net.AbstractPlainSocketImpl.connect(AbstractPlainSocketImpl.java:188)
	at java.net.PlainSocketImpl.connect(PlainSocketImpl.java:172)
	at java.net.SocksSocketImpl.connect(SocksSocketImpl.java:392)
	at java.net.Socket.connect(Socket.java:589)
	at com.mysql.jdbc.StandardSocketFactory.connect(StandardSocketFactory.java:211)
	at com.mysql.jdbc.MysqlIO.<init>(MysqlIO.java:301)
	... 107 more
2018-08-16 15:50:55  [ http-nio-7801-exec-4:29 ] - [ ERROR ]  {dataSource-1} init error
com.mysql.jdbc.exceptions.jdbc4.CommunicationsException: Communications link failure

The last packet sent successfully to the server was 0 milliseconds ago. The driver has not received any packets from the server.
	at sun.reflect.NativeConstructorAccessorImpl.newInstance0(Native Method)
	at sun.reflect.NativeConstructorAccessorImpl.newInstance(NativeConstructorAccessorImpl.java:62)
	at sun.reflect.DelegatingConstructorAccessorImpl.newInstance(DelegatingConstructorAccessorImpl.java:45)
	at java.lang.reflect.Constructor.newInstance(Constructor.java:423)
	at com.mysql.jdbc.Util.handleNewInstance(Util.java:425)
	at com.mysql.jdbc.SQLError.createCommunicationsException(SQLError.java:990)
	at com.mysql.jdbc.MysqlIO.<init>(MysqlIO.java:342)
	at com.mysql.jdbc.ConnectionImpl.coreConnect(ConnectionImpl.java:2188)
	at com.mysql.jdbc.ConnectionImpl.connectOneTryOnly(ConnectionImpl.java:2221)
	at com.mysql.jdbc.ConnectionImpl.createNewIO(ConnectionImpl.java:2016)
	at com.mysql.jdbc.ConnectionImpl.<init>(ConnectionImpl.java:776)
	at com.mysql.jdbc.JDBC4Connection.<init>(JDBC4Connection.java:47)
	at sun.reflect.NativeConstructorAccessorImpl.newInstance0(Native Method)
	at sun.reflect.NativeConstructorAccessorImpl.newInstance(NativeConstructorAccessorImpl.java:62)
	at sun.reflect.DelegatingConstructorAccessorImpl.newInstance(DelegatingConstructorAccessorImpl.java:45)
	at java.lang.reflect.Constructor.newInstance(Constructor.java:423)
	at com.mysql.jdbc.Util.handleNewInstance(Util.java:425)
	at com.mysql.jdbc.ConnectionImpl.getInstance(ConnectionImpl.java:386)
	at com.mysql.jdbc.NonRegisteringDriver.connect(NonRegisteringDriver.java:330)
	at com.alibaba.druid.filter.FilterChainImpl.connection_connect(FilterChainImpl.java:148)
	at com.alibaba.druid.filter.stat.StatFilter.connection_connect(StatFilter.java:217)
	at com.alibaba.druid.filter.FilterChainImpl.connection_connect(FilterChainImpl.java:142)
	at com.alibaba.druid.pool.DruidAbstractDataSource.createPhysicalConnection(DruidAbstractDataSource.java:1466)
	at com.alibaba.druid.pool.DruidAbstractDataSource.createPhysicalConnection(DruidAbstractDataSource.java:1529)
	at com.alibaba.druid.pool.DruidDataSource.init(DruidDataSource.java:787)
	at com.alibaba.druid.pool.DruidDataSource.getConnection(DruidDataSource.java:1122)
	at com.alibaba.druid.pool.DruidDataSource.getConnection(DruidDataSource.java:1118)
	at com.alibaba.druid.pool.DruidDataSource.getConnection(DruidDataSource.java:104)
	at org.springframework.jdbc.datasource.DataSourceUtils.fetchConnection(DataSourceUtils.java:151)
	at org.springframework.jdbc.datasource.DataSourceUtils.doGetConnection(DataSourceUtils.java:115)
	at org.springframework.jdbc.datasource.DataSourceUtils.getConnection(DataSourceUtils.java:78)
	at org.mybatis.spring.transaction.SpringManagedTransaction.openConnection(SpringManagedTransaction.java:82)
	at org.mybatis.spring.transaction.SpringManagedTransaction.getConnection(SpringManagedTransaction.java:68)
	at org.apache.ibatis.executor.BaseExecutor.getConnection(BaseExecutor.java:338)
	at org.apache.ibatis.executor.SimpleExecutor.prepareStatement(SimpleExecutor.java:84)
	at org.apache.ibatis.executor.SimpleExecutor.doQuery(SimpleExecutor.java:62)
	at org.apache.ibatis.executor.BaseExecutor.queryFromDatabase(BaseExecutor.java:326)
	at org.apache.ibatis.executor.BaseExecutor.query(BaseExecutor.java:156)
	at org.apache.ibatis.executor.CachingExecutor.query(CachingExecutor.java:109)
	at com.github.pagehelper.PageInterceptor.intercept(PageInterceptor.java:143)
	at org.apache.ibatis.plugin.Plugin.invoke(Plugin.java:61)
	at com.sun.proxy.$Proxy102.query(Unknown Source)
	at org.apache.ibatis.session.defaults.DefaultSqlSession.selectList(DefaultSqlSession.java:148)
	at org.apache.ibatis.session.defaults.DefaultSqlSession.selectList(DefaultSqlSession.java:141)
	at sun.reflect.NativeMethodAccessorImpl.invoke0(Native Method)
	at sun.reflect.NativeMethodAccessorImpl.invoke(NativeMethodAccessorImpl.java:62)
	at sun.reflect.DelegatingMethodAccessorImpl.invoke(DelegatingMethodAccessorImpl.java:43)
	at java.lang.reflect.Method.invoke(Method.java:498)
	at org.mybatis.spring.SqlSessionTemplate$SqlSessionInterceptor.invoke(SqlSessionTemplate.java:433)
	at com.sun.proxy.$Proxy75.selectList(Unknown Source)
	at org.mybatis.spring.SqlSessionTemplate.selectList(SqlSessionTemplate.java:230)
	at org.apache.ibatis.binding.MapperMethod.executeForMany(MapperMethod.java:139)
	at org.apache.ibatis.binding.MapperMethod.execute(MapperMethod.java:76)
	at org.apache.ibatis.binding.MapperProxy.invoke(MapperProxy.java:59)
	at com.sun.proxy.$Proxy76.selectByTelephone(Unknown Source)
	at com.renchaigao.zujuba.userserver.service.impl.UserServiceImpl.autoLoginUser(UserServiceImpl.java:62)
	at com.renchaigao.zujuba.userserver.controller.LoginController.userLoginInfo(LoginController.java:24)
	at sun.reflect.NativeMethodAccessorImpl.invoke0(Native Method)
	at sun.reflect.NativeMethodAccessorImpl.invoke(NativeMethodAccessorImpl.java:62)
	at sun.reflect.DelegatingMethodAccessorImpl.invoke(DelegatingMethodAccessorImpl.java:43)
	at java.lang.reflect.Method.invoke(Method.java:498)
	at org.springframework.web.method.support.InvocableHandlerMethod.doInvoke(InvocableHandlerMethod.java:209)
	at org.springframework.web.method.support.InvocableHandlerMethod.invokeForRequest(InvocableHandlerMethod.java:136)
	at org.springframework.web.servlet.mvc.method.annotation.ServletInvocableHandlerMethod.invokeAndHandle(ServletInvocableHandlerMethod.java:102)
	at org.springframework.web.servlet.mvc.method.annotation.RequestMappingHandlerAdapter.invokeHandlerMethod(RequestMappingHandlerAdapter.java:877)
	at org.springframework.web.servlet.mvc.method.annotation.RequestMappingHandlerAdapter.handleInternal(RequestMappingHandlerAdapter.java:783)
	at org.springframework.web.servlet.mvc.method.AbstractHandlerMethodAdapter.handle(AbstractHandlerMethodAdapter.java:87)
	at org.springframework.web.servlet.DispatcherServlet.doDispatch(DispatcherServlet.java:991)
	at org.springframework.web.servlet.DispatcherServlet.doService(DispatcherServlet.java:925)
	at org.springframework.web.servlet.FrameworkServlet.processRequest(FrameworkServlet.java:974)
	at org.springframework.web.servlet.FrameworkServlet.doPost(FrameworkServlet.java:877)
	at javax.servlet.http.HttpServlet.service(HttpServlet.java:661)
	at org.springframework.web.servlet.FrameworkServlet.service(FrameworkServlet.java:851)
	at javax.servlet.http.HttpServlet.service(HttpServlet.java:742)
	at org.apache.catalina.core.ApplicationFilterChain.internalDoFilter(ApplicationFilterChain.java:231)
	at org.apache.catalina.core.ApplicationFilterChain.doFilter(ApplicationFilterChain.java:166)
	at org.apache.tomcat.websocket.server.WsFilter.doFilter(WsFilter.java:52)
	at org.apache.catalina.core.ApplicationFilterChain.internalDoFilter(ApplicationFilterChain.java:193)
	at org.apache.catalina.core.ApplicationFilterChain.doFilter(ApplicationFilterChain.java:166)
	at com.alibaba.druid.support.http.WebStatFilter.doFilter(WebStatFilter.java:123)
	at org.apache.catalina.core.ApplicationFilterChain.internalDoFilter(ApplicationFilterChain.java:193)
	at org.apache.catalina.core.ApplicationFilterChain.doFilter(ApplicationFilterChain.java:166)
	at org.springframework.web.filter.RequestContextFilter.doFilterInternal(RequestContextFilter.java:99)
	at org.springframework.web.filter.OncePerRequestFilter.doFilter(OncePerRequestFilter.java:107)
	at org.apache.catalina.core.ApplicationFilterChain.internalDoFilter(ApplicationFilterChain.java:193)
	at org.apache.catalina.core.ApplicationFilterChain.doFilter(ApplicationFilterChain.java:166)
	at org.springframework.web.filter.HttpPutFormContentFilter.doFilterInternal(HttpPutFormContentFilter.java:109)
	at org.springframework.web.filter.OncePerRequestFilter.doFilter(OncePerRequestFilter.java:107)
	at org.apache.catalina.core.ApplicationFilterChain.internalDoFilter(ApplicationFilterChain.java:193)
	at org.apache.catalina.core.ApplicationFilterChain.doFilter(ApplicationFilterChain.java:166)
	at org.springframework.web.filter.HiddenHttpMethodFilter.doFilterInternal(HiddenHttpMethodFilter.java:93)
	at org.springframework.web.filter.OncePerRequestFilter.doFilter(OncePerRequestFilter.java:107)
	at org.apache.catalina.core.ApplicationFilterChain.internalDoFilter(ApplicationFilterChain.java:193)
	at org.apache.catalina.core.ApplicationFilterChain.doFilter(ApplicationFilterChain.java:166)
	at org.springframework.web.filter.CharacterEncodingFilter.doFilterInternal(CharacterEncodingFilter.java:200)
	at org.springframework.web.filter.OncePerRequestFilter.doFilter(OncePerRequestFilter.java:107)
	at org.apache.catalina.core.ApplicationFilterChain.internalDoFilter(ApplicationFilterChain.java:193)
	at org.apache.catalina.core.ApplicationFilterChain.doFilter(ApplicationFilterChain.java:166)
	at org.apache.catalina.core.StandardWrapperValve.invoke(StandardWrapperValve.java:198)
	at org.apache.catalina.core.StandardContextValve.invoke(StandardContextValve.java:96)
	at org.apache.catalina.authenticator.AuthenticatorBase.invoke(AuthenticatorBase.java:493)
	at org.apache.catalina.core.StandardHostValve.invoke(StandardHostValve.java:140)
	at org.apache.catalina.valves.ErrorReportValve.invoke(ErrorReportValve.java:81)
	at org.apache.catalina.core.StandardEngineValve.invoke(StandardEngineValve.java:87)
	at org.apache.catalina.connector.CoyoteAdapter.service(CoyoteAdapter.java:342)
	at org.apache.coyote.http11.Http11Processor.service(Http11Processor.java:800)
	at org.apache.coyote.AbstractProcessorLight.process(AbstractProcessorLight.java:66)
	at org.apache.coyote.AbstractProtocol$ConnectionHandler.process(AbstractProtocol.java:800)
	at org.apache.tomcat.util.net.NioEndpoint$SocketProcessor.doRun(NioEndpoint.java:1471)
	at org.apache.tomcat.util.net.SocketProcessorBase.run(SocketProcessorBase.java:49)
	at java.util.concurrent.ThreadPoolExecutor.runWorker(ThreadPoolExecutor.java:1149)
	at java.util.concurrent.ThreadPoolExecutor$Worker.run(ThreadPoolExecutor.java:624)
	at org.apache.tomcat.util.threads.TaskThread$WrappingRunnable.run(TaskThread.java:61)
	at java.lang.Thread.run(Thread.java:748)
Caused by: java.net.ConnectException: Connection timed out: connect
	at java.net.DualStackPlainSocketImpl.connect0(Native Method)
	at java.net.DualStackPlainSocketImpl.socketConnect(DualStackPlainSocketImpl.java:79)
	at java.net.AbstractPlainSocketImpl.doConnect(AbstractPlainSocketImpl.java:350)
	at java.net.AbstractPlainSocketImpl.connectToAddress(AbstractPlainSocketImpl.java:206)
	at java.net.AbstractPlainSocketImpl.connect(AbstractPlainSocketImpl.java:188)
	at java.net.PlainSocketImpl.connect(PlainSocketImpl.java:172)
	at java.net.SocksSocketImpl.connect(SocksSocketImpl.java:392)
	at java.net.Socket.connect(Socket.java:589)
	at com.mysql.jdbc.StandardSocketFactory.connect(StandardSocketFactory.java:211)
	at com.mysql.jdbc.MysqlIO.<init>(MysqlIO.java:301)
	... 107 more
2018-08-16 15:50:55  [ http-nio-7801-exec-4:34 ] - [ INFO ]  {dataSource-1} inited
2018-08-16 15:51:28  [ http-nio-7801-exec-6:33189 ] - [ DEBUG ]  {conn-10001, pstmt-20000} enter cache
2018-08-16 15:58:31  [ http-nio-7801-exec-2:0 ] - [ INFO ]  {dataSource-1} inited
2018-08-16 15:58:31  [ http-nio-7801-exec-2:67 ] - [ DEBUG ]  {conn-10001, pstmt-20000} enter cache
2018-08-16 16:05:33  [ http-nio-7801-exec-1:0 ] - [ INFO ]  {dataSource-1} inited
2018-08-16 16:05:33  [ http-nio-7801-exec-1:65 ] - [ DEBUG ]  {conn-10001, pstmt-20000} enter cache
2018-08-16 16:07:31  [ http-nio-7801-exec-1:0 ] - [ INFO ]  {dataSource-1} inited
2018-08-16 16:07:31  [ http-nio-7801-exec-1:71 ] - [ DEBUG ]  {conn-10001, pstmt-20000} enter cache
2018-08-16 16:14:20  [ http-nio-7801-exec-2:0 ] - [ INFO ]  {dataSource-1} inited
2018-08-16 16:14:20  [ http-nio-7801-exec-2:69 ] - [ DEBUG ]  {conn-10001, pstmt-20000} enter cache
2018-08-16 16:14:29  [ http-nio-7801-exec-2:8970 ] - [ DEBUG ]  {conn-10001, pstmt-20001} enter cache
2018-08-16 16:14:29  [ http-nio-7801-exec-2:9046 ] - [ DEBUG ]  {conn-10001, pstmt-20002} enter cache
2018-08-18 16:46:54  [ http-nio-7801-exec-1:0 ] - [ INFO ]  {dataSource-1} inited
2018-08-18 16:46:54  [ http-nio-7801-exec-1:82 ] - [ DEBUG ]  {conn-10001, pstmt-20000} enter cache
2018-08-18 16:46:54  [ http-nio-7801-exec-1:143 ] - [ DEBUG ]  {conn-10001, pstmt-20001} enter cache
2018-08-18 16:47:47  [ http-nio-7801-exec-5:53159 ] - [ DEBUG ]  {conn-10002, pstmt-20002} enter cache
2018-08-18 16:49:04  [ Thread-7:129989 ] - [ DEBUG ]  {conn-10001, pstmt-20001} exit cache
2018-08-18 16:49:04  [ Thread-7:129990 ] - [ DEBUG ]  {conn-10001, pstmt-20000} exit cache
2018-08-18 16:49:04  [ Thread-7:129993 ] - [ DEBUG ]  {conn-10002, pstmt-20002} exit cache
2018-08-18 16:49:04  [ Thread-7:129994 ] - [ INFO ]  {dataSource-1} closed
2018-08-18 16:49:28  [ http-nio-7801-exec-1:0 ] - [ INFO ]  {dataSource-1} inited
2018-08-18 16:49:28  [ http-nio-7801-exec-1:59 ] - [ DEBUG ]  {conn-10001, pstmt-20000} enter cache
2018-08-18 16:49:28  [ http-nio-7801-exec-1:114 ] - [ DEBUG ]  {conn-10001, pstmt-20001} enter cache
2018-08-18 16:50:18  [ http-nio-7801-exec-2:49976 ] - [ DEBUG ]  {conn-10001, pstmt-20002} enter cache
2018-08-18 16:50:18  [ http-nio-7801-exec-2:50142 ] - [ DEBUG ]  {conn-10001, pstmt-20003} enter cache
2018-08-18 16:51:22  [ http-nio-7801-exec-5:114570 ] - [ DEBUG ]  {conn-10001, pstmt-20004} enter cache
2018-08-18 16:51:22  [ http-nio-7801-exec-5:114592 ] - [ DEBUG ]  {conn-10001, pstmt-20005} enter cache
2018-08-18 17:15:54  [ http-nio-7801-exec-1:1586460 ] - [ DEBUG ]  {conn-10001, pstmt-20006} enter cache
2018-08-18 17:15:54  [ http-nio-7801-exec-1:1586506 ] - [ DEBUG ]  {conn-10001, pstmt-20007} enter cache
2018-08-18 17:38:47  [ Thread-7:2958942 ] - [ DEBUG ]  {conn-10001, pstmt-20001} exit cache
2018-08-18 17:38:47  [ Thread-7:2958948 ] - [ DEBUG ]  {conn-10001, pstmt-20002} exit cache
2018-08-18 17:38:47  [ Thread-7:2958949 ] - [ DEBUG ]  {conn-10001, pstmt-20003} exit cache
2018-08-18 17:38:47  [ Thread-7:2958949 ] - [ DEBUG ]  {conn-10001, pstmt-20006} exit cache
2018-08-18 17:38:47  [ Thread-7:2958950 ] - [ DEBUG ]  {conn-10001, pstmt-20007} exit cache
2018-08-18 17:38:47  [ Thread-7:2958950 ] - [ DEBUG ]  {conn-10001, pstmt-20000} exit cache
2018-08-18 17:38:47  [ Thread-7:2958950 ] - [ DEBUG ]  {conn-10001, pstmt-20004} exit cache
2018-08-18 17:38:47  [ Thread-7:2958953 ] - [ DEBUG ]  {conn-10001, pstmt-20005} exit cache
2018-08-18 17:38:47  [ Thread-7:2958959 ] - [ INFO ]  {dataSource-1} closed
2018-08-18 17:41:30  [ http-nio-7801-exec-1:0 ] - [ INFO ]  {dataSource-1} inited
2018-08-18 17:41:30  [ http-nio-7801-exec-1:71 ] - [ DEBUG ]  {conn-10001, pstmt-20000} enter cache
2018-08-18 17:47:10  [ Thread-7:340227 ] - [ DEBUG ]  {conn-10001, pstmt-20000} exit cache
2018-08-18 17:47:10  [ Thread-7:340237 ] - [ INFO ]  {dataSource-1} closed
2018-08-18 17:48:02  [ http-nio-7801-exec-1:0 ] - [ INFO ]  {dataSource-1} inited
2018-08-18 17:48:02  [ http-nio-7801-exec-1:58 ] - [ DEBUG ]  {conn-10001, pstmt-20000} enter cache
2018-08-18 17:48:02  [ http-nio-7801-exec-1:106 ] - [ DEBUG ]  {conn-10001, pstmt-20001} enter cache
2018-08-18 17:49:14  [ http-nio-7801-exec-4:72166 ] - [ DEBUG ]  {conn-10001, pstmt-20002} enter cache
2018-08-18 17:49:14  [ http-nio-7801-exec-4:72202 ] - [ DEBUG ]  {conn-10001, pstmt-20003} enter cache
2018-08-18 17:57:55  [ http-nio-7801-exec-8:592410 ] - [ DEBUG ]  {conn-10001, pstmt-20004} enter cache
2018-08-18 17:57:55  [ http-nio-7801-exec-8:592568 ] - [ DEBUG ]  {conn-10001, pstmt-20005} enter cache
2018-08-18 17:57:55  [ http-nio-7801-exec-8:593032 ] - [ DEBUG ]  create userinfo has spend time is : 734
2018-08-18 17:58:21  [ http-nio-7801-exec-1:618523 ] - [ DEBUG ]  {conn-10001, pstmt-20006} enter cache
2018-08-18 17:58:21  [ http-nio-7801-exec-1:618561 ] - [ DEBUG ]  {conn-10001, pstmt-20007} enter cache
2018-08-18 18:18:04  [ Thread-7:1802120 ] - [ DEBUG ]  {conn-10001, pstmt-20002} exit cache
2018-08-18 18:18:04  [ Thread-7:1802125 ] - [ DEBUG ]  {conn-10001, pstmt-20003} exit cache
2018-08-18 18:18:04  [ Thread-7:1802125 ] - [ DEBUG ]  {conn-10001, pstmt-20000} exit cache
2018-08-18 18:18:04  [ Thread-7:1802126 ] - [ DEBUG ]  {conn-10001, pstmt-20001} exit cache
2018-08-18 18:18:04  [ Thread-7:1802126 ] - [ DEBUG ]  {conn-10001, pstmt-20004} exit cache
2018-08-18 18:18:04  [ Thread-7:1802126 ] - [ DEBUG ]  {conn-10001, pstmt-20005} exit cache
2018-08-18 18:18:04  [ Thread-7:1802129 ] - [ DEBUG ]  {conn-10001, pstmt-20006} exit cache
2018-08-18 18:18:04  [ Thread-7:1802129 ] - [ DEBUG ]  {conn-10001, pstmt-20007} exit cache
2018-08-18 18:18:04  [ Thread-7:1802135 ] - [ INFO ]  {dataSource-1} closed
2018-08-18 18:20:59  [ http-nio-7801-exec-1:0 ] - [ INFO ]  {dataSource-1} inited
2018-08-18 18:20:59  [ Thread-7:6 ] - [ INFO ]  {dataSource-1} closed
2018-08-18 18:22:33  [ http-nio-7801-exec-1:0 ] - [ INFO ]  {dataSource-1} inited
2018-08-18 18:22:33  [ http-nio-7801-exec-1:67 ] - [ DEBUG ]  {conn-10001, pstmt-20000} enter cache
2018-08-18 18:33:02  [ http-nio-7801-exec-4:629290 ] - [ DEBUG ]  {conn-10001, pstmt-20001} enter cache
2018-08-18 18:33:02  [ Thread-7:629298 ] - [ DEBUG ]  {conn-10001, pstmt-20000} exit cache
2018-08-18 18:33:02  [ Thread-7:629299 ] - [ DEBUG ]  {conn-10001, pstmt-20001} exit cache
2018-08-18 18:33:02  [ Thread-7:629306 ] - [ INFO ]  {dataSource-1} closed
2018-08-20 12:22:47  [ http-nio-7801-exec-5:0 ] - [ INFO ]  {dataSource-1} inited
2018-08-20 12:22:47  [ http-nio-7801-exec-5:70 ] - [ DEBUG ]  {conn-10001, pstmt-20000} enter cache
2018-08-20 12:22:47  [ http-nio-7801-exec-5:173 ] - [ DEBUG ]  {conn-10001, pstmt-20001} enter cache
2018-08-20 12:22:50  [ http-nio-7801-exec-9:3866 ] - [ DEBUG ]  {conn-10001, pstmt-20002} enter cache
2018-08-20 12:22:51  [ http-nio-7801-exec-9:3973 ] - [ DEBUG ]  {conn-10001, pstmt-20003} enter cache
2018-08-20 12:22:51  [ http-nio-7801-exec-9:4404 ] - [ DEBUG ]  create userinfo has spend time is : 932
2018-08-20 12:25:31  [ http-nio-7801-exec-4:164628 ] - [ DEBUG ]  {conn-10001, pstmt-20004} enter cache
2018-08-20 12:25:31  [ http-nio-7801-exec-4:164700 ] - [ DEBUG ]  {conn-10001, pstmt-20005} enter cache
2018-08-20 12:25:32  [ http-nio-7801-exec-3:165511 ] - [ DEBUG ]  {conn-10001, pstmt-20006} enter cache
2018-08-20 12:25:32  [ http-nio-7801-exec-3:165584 ] - [ DEBUG ]  update userinfo has spend time is : 618
2018-08-20 12:29:05  [ http-nio-7801-exec-9:378598 ] - [ DEBUG ]  update userinfo has spend time is : 424
2018-08-20 12:29:49  [ http-nio-7801-exec-7:422391 ] - [ DEBUG ]  {conn-10001, pstmt-20007} enter cache
2018-08-20 12:29:49  [ http-nio-7801-exec-7:422464 ] - [ DEBUG ]  {conn-10001, pstmt-20008} enter cache
2018-08-20 12:29:52  [ http-nio-7801-exec-1:425475 ] - [ DEBUG ]  {conn-10001, pstmt-20009} enter cache
2018-08-20 12:35:48  [ http-nio-7801-exec-6:781432 ] - [ DEBUG ]  update userinfo has spend time is : 425
2018-08-20 12:43:04  [ http-nio-7801-exec-2:1 ] - [ INFO ]  {dataSource-1} inited
2018-08-20 12:43:04  [ http-nio-7801-exec-2:61 ] - [ DEBUG ]  {conn-10001, pstmt-20000} enter cache
2018-08-20 12:43:46  [ http-nio-7801-exec-1:42152 ] - [ DEBUG ]  {conn-10001, pstmt-20001} enter cache
2018-08-20 12:43:51  [ http-nio-7801-exec-6:46707 ] - [ DEBUG ]  {conn-10002, pstmt-20002} enter cache
2018-08-20 12:43:51  [ http-nio-7801-exec-6:46836 ] - [ DEBUG ]  {conn-10002, pstmt-20003} enter cache
2018-08-20 12:43:55  [ http-nio-7801-exec-6:50892 ] - [ DEBUG ]  create userinfo has spend time is : 4773
2018-08-20 12:44:04  [ http-nio-7801-exec-4:60010 ] - [ DEBUG ]  {conn-10002, pstmt-20004} enter cache
2018-08-20 12:44:04  [ http-nio-7801-exec-4:60110 ] - [ DEBUG ]  {conn-10002, pstmt-20005} enter cache
2018-08-20 12:44:52  [ http-nio-7801-exec-1:107794 ] - [ DEBUG ]  {conn-10002, pstmt-20006} enter cache
2018-08-20 12:44:52  [ http-nio-7801-exec-1:107894 ] - [ DEBUG ]  {conn-10002, pstmt-20007} enter cache
2018-08-20 12:44:52  [ http-nio-7801-exec-1:107994 ] - [ DEBUG ]  {conn-10002, pstmt-20008} enter cache
2018-08-20 12:44:53  [ http-nio-7801-exec-3:108807 ] - [ DEBUG ]  {conn-10002, pstmt-20009} enter cache
2018-08-20 12:44:53  [ http-nio-7801-exec-3:108905 ] - [ DEBUG ]  update userinfo has spend time is : 587
2018-08-20 12:45:24  [ http-nio-7801-exec-8:139969 ] - [ DEBUG ]  {conn-10002, pstmt-20010} enter cache
2018-08-20 12:45:25  [ http-nio-7801-exec-9:140909 ] - [ DEBUG ]  create userinfo has spend time is : 679
2018-08-20 12:50:40  [ http-nio-7801-exec-4:456144 ] - [ DEBUG ]  update userinfo has spend time is : 585
2018-08-20 13:02:03  [ http-nio-7801-exec-2:1139255 ] - [ DEBUG ]  update userinfo has spend time is : 289264
2018-08-20 13:02:51  [ http-nio-7801-exec-2:0 ] - [ INFO ]  {dataSource-1} inited
2018-08-20 13:02:52  [ http-nio-7801-exec-2:64 ] - [ DEBUG ]  {conn-10001, pstmt-20000} enter cache
2018-08-20 13:03:05  [ http-nio-7801-exec-1:13884 ] - [ DEBUG ]  {conn-10001, pstmt-20001} enter cache
2018-08-20 13:04:19  [ http-nio-7801-exec-3:0 ] - [ INFO ]  {dataSource-1} inited
2018-08-20 13:04:19  [ http-nio-7801-exec-3:75 ] - [ DEBUG ]  {conn-10001, pstmt-20000} enter cache
2018-08-20 13:04:38  [ http-nio-7801-exec-2:18332 ] - [ DEBUG ]  {conn-10001, pstmt-20001} enter cache
2018-08-20 13:04:39  [ http-nio-7801-exec-1:19572 ] - [ DEBUG ]  {conn-10001, pstmt-20002} enter cache
2018-08-20 13:04:39  [ http-nio-7801-exec-1:19702 ] - [ DEBUG ]  {conn-10001, pstmt-20003} enter cache
2018-08-20 13:04:39  [ http-nio-7801-exec-1:20133 ] - [ DEBUG ]  {conn-10001, pstmt-20004} exit cache
2018-08-20 13:06:51  [ http-nio-7801-exec-1:0 ] - [ INFO ]  {dataSource-1} inited
2018-08-20 13:06:51  [ http-nio-7801-exec-1:67 ] - [ DEBUG ]  {conn-10001, pstmt-20000} enter cache
2018-08-20 13:07:02  [ http-nio-7801-exec-2:11048 ] - [ DEBUG ]  {conn-10001, pstmt-20001} enter cache
2018-08-20 13:07:03  [ http-nio-7801-exec-3:12244 ] - [ DEBUG ]  {conn-10001, pstmt-20002} enter cache
2018-08-20 13:07:03  [ http-nio-7801-exec-3:12363 ] - [ DEBUG ]  {conn-10001, pstmt-20003} enter cache
2018-08-20 13:07:03  [ http-nio-7801-exec-3:12788 ] - [ DEBUG ]  {conn-10001, pstmt-20004} enter cache
2018-08-20 13:07:03  [ http-nio-7801-exec-3:12834 ] - [ DEBUG ]  create userinfo has spend time is : 1110
2018-08-20 13:07:12  [ http-nio-7801-exec-5:21340 ] - [ DEBUG ]  {conn-10001, pstmt-20005} enter cache
2018-08-20 13:07:12  [ http-nio-7801-exec-5:21424 ] - [ DEBUG ]  {conn-10001, pstmt-20006} enter cache
2018-08-20 13:10:25  [ http-nio-7801-exec-9:213926 ] - [ DEBUG ]  {conn-10001, pstmt-20007} enter cache
2018-08-20 13:10:25  [ http-nio-7801-exec-9:214011 ] - [ DEBUG ]  {conn-10001, pstmt-20008} enter cache
2018-08-20 13:10:25  [ http-nio-7801-exec-10:214611 ] - [ DEBUG ]  {conn-10001, pstmt-20009} enter cache
2018-08-20 13:10:25  [ http-nio-7801-exec-10:214688 ] - [ DEBUG ]  {conn-10001, pstmt-20010} enter cache
2018-08-20 13:10:25  [ http-nio-7801-exec-10:214760 ] - [ DEBUG ]  update userinfo has spend time is : 439
2018-08-20 13:23:57  [ http-nio-7801-exec-5:1026868 ] - [ DEBUG ]  update userinfo has spend time is : 836
2018-08-20 14:37:54  [ http-nio-7801-exec-8:5462952 ] - [ DEBUG ]  update userinfo has spend time is : 837
